TN:
SF:config/jest/jestEmptyComponent.tsx
FN:3,jestEmptyComponent
FNF:1
FNH:1
FNDA:3,jestEmptyComponent
DA:1,1
DA:2,1
DA:3,1
DA:4,1
DA:5,1
LF:5
LH:5
BRDA:3,0,0,3
BRF:1
BRH:1
end_of_record
TN:
SF:src/app/providers/theme/index.ts
FNF:0
FNH:0
DA:1,1
DA:2,1
DA:3,1
DA:4,1
DA:5,1
LF:5
LH:5
BRF:0
BRH:0
end_of_record
TN:
SF:src/app/providers/theme/lib/themeContext.ts
FNF:0
FNH:0
DA:1,1
DA:2,1
DA:3,1
DA:4,1
DA:5,1
DA:6,1
DA:7,1
DA:8,1
DA:9,1
DA:10,1
DA:11,1
DA:12,1
DA:13,1
DA:14,1
DA:15,1
LF:15
LH:15
BRDA:3,0,0,1
BRF:1
BRH:1
end_of_record
TN:
SF:src/app/providers/theme/lib/useTheme.ts
FN:9,useTheme
FN:12,toggleTheme
FNF:2
FNH:1
FNDA:3,useTheme
FNDA:0,toggleTheme
DA:1,1
DA:2,1
DA:3,1
DA:4,1
DA:5,1
DA:6,1
DA:7,1
DA:8,1
DA:9,1
DA:10,3
DA:11,3
DA:12,3
DA:13,0
DA:14,0
DA:15,0
DA:16,3
DA:17,3
DA:18,3
DA:19,3
LF:19
LH:16
BRDA:9,0,0,3
BRF:1
BRH:1
end_of_record
TN:
SF:src/app/providers/theme/ui/themeProvider.tsx
FN:10,ThemeProvider
FNF:1
FNH:0
FNDA:0,ThemeProvider
DA:1,1
DA:2,1
DA:3,1
DA:4,1
DA:5,1
DA:6,1
DA:7,1
DA:8,1
DA:9,1
DA:10,1
DA:11,0
DA:12,0
DA:13,0
DA:14,0
DA:15,0
DA:16,0
DA:17,0
DA:18,0
DA:19,0
DA:20,0
DA:21,0
DA:22,0
DA:23,1
DA:24,1
LF:24
LH:12
BRF:0
BRH:0
end_of_record
TN:
SF:src/shared/config/i18n/i18nForTests.ts
FNF:0
FNH:0
DA:1,1
DA:2,1
DA:3,1
DA:4,1
DA:5,1
DA:6,1
DA:7,1
DA:8,1
DA:9,1
DA:10,1
DA:11,1
DA:12,1
DA:13,1
DA:14,1
DA:15,1
DA:16,1
DA:17,1
LF:17
LH:17
BRF:0
BRH:0
end_of_record
TN:
SF:src/shared/lib/classNames/classNames.ts
FN:4,classNames
FNF:1
FNH:1
FNDA:19,classNames
DA:1,1
DA:2,1
DA:3,1
DA:4,1
DA:5,19
DA:6,19
DA:7,19
DA:8,19
DA:9,19
DA:10,19
DA:11,19
DA:12,19
DA:13,19
DA:14,19
DA:15,19
DA:16,19
DA:17,19
LF:17
LH:17
BRDA:4,0,0,19
BRDA:6,1,0,0
BRDA:7,2,0,0
BRDA:13,3,0,12
BRDA:14,4,0,11
BRF:5
BRH:3
end_of_record
TN:
SF:src/shared/lib/classNames/index.ts
FNF:0
FNH:0
DA:1,1
LF:1
LH:1
BRF:0
BRH:0
end_of_record
TN:
SF:src/shared/lib/tests/renderWithTranslation/renderWithTranslation.tsx
FN:6,renderWithTranslation
FNF:1
FNH:1
FNDA:2,renderWithTranslation
DA:1,1
DA:2,1
DA:3,1
DA:4,1
DA:5,1
DA:6,1
DA:7,2
DA:8,2
DA:9,2
DA:10,2
DA:11,2
DA:12,2
LF:12
LH:12
BRDA:6,0,0,2
BRF:1
BRH:1
end_of_record
TN:
SF:src/shared/ui/Button/index.ts
FNF:0
FNH:0
DA:1,1
LF:1
LH:1
BRF:0
BRH:0
end_of_record
TN:
SF:src/shared/ui/Button/ui/Button.tsx
FN:14,Button
FNF:1
FNH:1
FNDA:9,Button
DA:1,1
DA:2,1
DA:3,1
DA:4,1
DA:5,1
DA:6,1
DA:7,1
DA:8,1
DA:9,1
DA:10,1
DA:11,1
DA:12,1
DA:13,1
DA:14,1
DA:15,9
DA:16,9
DA:17,9
DA:18,9
DA:19,9
DA:20,9
DA:21,9
DA:22,9
DA:23,9
DA:24,9
DA:25,9
DA:26,9
DA:27,9
DA:28,9
DA:29,9
DA:30,9
LF:30
LH:30
BRDA:5,0,0,1
BRDA:14,1,0,9
BRF:2
BRH:2
end_of_record
TN:
SF:src/shared/ui/LangSwitcher/index.ts
FNF:0
FNH:0
DA:1,1
LF:1
LH:1
BRF:0
BRH:0
end_of_record
TN:
SF:src/shared/ui/LangSwitcher/ui/LangSwitcher.tsx
FN:2,asyncGeneratorStep
FN:2,_asyncToGenerator
FN:11,LangSwitcher
FN:14,_callee
FNF:4
FNH:2
FNDA:0,asyncGeneratorStep
FNDA:4,_asyncToGenerator
FNDA:4,LangSwitcher
FNDA:0,_callee
DA:1,1
DA:2,0
DA:3,1
DA:4,1
DA:5,1
DA:6,1
DA:7,1
DA:8,1
DA:9,1
DA:10,1
DA:11,1
DA:12,4
DA:13,4
DA:14,4
DA:15,0
DA:16,4
DA:17,4
DA:18,4
DA:19,4
DA:20,4
DA:21,4
DA:22,4
DA:23,4
DA:24,4
DA:25,4
DA:26,4
DA:27,4
LF:27
LH:25
BRDA:2,0,0,4
BRDA:11,1,0,4
BRDA:14,2,0,4
BRF:3
BRH:3
end_of_record
TN:
SF:src/shared/ui/ThemeSwitcher/index.ts
FNF:0
FNH:0
DA:1,1
LF:1
LH:1
BRF:0
BRH:0
end_of_record
TN:
SF:src/shared/ui/ThemeSwitcher/ui/ThemeSwitcher.tsx
FN:12,ThemeSwitcher
FNF:1
FNH:1
FNDA:3,ThemeSwitcher
DA:1,1
DA:2,1
DA:3,1
DA:4,1
DA:5,1
DA:6,1
DA:7,1
DA:8,1
DA:9,1
DA:10,1
DA:11,1
DA:12,1
DA:13,3
DA:14,3
DA:15,3
DA:16,3
DA:17,3
DA:18,3
DA:19,3
DA:20,3
DA:21,3
DA:22,3
LF:22
LH:22
BRDA:12,0,0,3
BRDA:20,1,0,0
BRF:2
BRH:1
end_of_record
TN:
SF:src/widgets/Sidebar/ui/Sidebar/Sidebar.tsx
FN:12,Sidebar
FN:15,onToggle
FNF:2
FNH:2
FNDA:3,Sidebar
FNDA:1,onToggle
DA:1,1
DA:2,1
DA:3,1
DA:4,1
DA:5,1
DA:6,1
DA:7,1
DA:8,1
DA:9,1
DA:10,1
DA:11,1
DA:12,1
DA:13,3
DA:14,3
DA:15,3
DA:16,1
DA:17,3
DA:18,3
DA:19,3
DA:20,3
DA:21,3
DA:22,3
DA:23,3
DA:24,3
DA:25,3
DA:26,3
DA:27,3
DA:28,3
DA:29,3
DA:30,3
DA:31,3
DA:32,3
DA:33,3
DA:34,3
DA:35,3
DA:36,3
LF:36
LH:36
BRDA:12,0,0,3
BRDA:15,1,0,1
BRDA:16,2,0,1
BRF:3
BRH:3
end_of_record
