TN:
SF:config/jest/jestEmptyComponent.tsx
FN:3,jestEmptyComponent
FNF:1
FNH:1
FNDA:9,jestEmptyComponent
DA:1,1
DA:2,1
DA:3,1
DA:4,1
DA:5,1
LF:5
LH:5
BRDA:3,0,0,9
BRF:1
BRH:1
end_of_record
TN:
SF:src/app/providers/theme/index.ts
FNF:0
FNH:0
DA:1,1
DA:2,1
DA:3,1
DA:4,1
DA:5,1
LF:5
LH:5
BRF:0
BRH:0
end_of_record
TN:
SF:src/app/providers/theme/lib/themeContext.ts
FNF:0
FNH:0
DA:1,1
DA:2,1
DA:3,1
DA:4,1
DA:5,1
DA:6,1
DA:7,1
DA:8,1
DA:9,1
DA:10,1
DA:11,1
DA:12,1
DA:13,1
DA:14,1
DA:15,1
LF:15
LH:15
BRDA:3,0,0,1
BRF:1
BRH:1
end_of_record
TN:
SF:src/app/providers/theme/lib/useTheme.ts
FN:9,useTheme
FN:12,toggleTheme
FNF:2
FNH:1
FNDA:3,useTheme
FNDA:0,toggleTheme
DA:1,1
DA:2,1
DA:3,1
DA:4,1
DA:5,1
DA:6,1
DA:7,1
DA:8,1
DA:9,1
DA:10,3
DA:11,3
DA:12,3
DA:13,0
DA:14,0
DA:15,0
DA:16,3
DA:17,3
DA:18,3
DA:19,3
LF:19
LH:16
BRDA:9,0,0,3
BRF:1
BRH:1
end_of_record
TN:
SF:src/app/providers/theme/ui/themeProvider.tsx
FN:10,ThemeProvider
FNF:1
FNH:0
FNDA:0,ThemeProvider
DA:1,1
DA:2,1
DA:3,1
DA:4,1
DA:5,1
DA:6,1
DA:7,1
DA:8,1
DA:9,1
DA:10,1
DA:11,0
DA:12,0
DA:13,0
DA:14,0
DA:15,0
DA:16,0
DA:17,0
DA:18,0
DA:19,0
DA:20,0
DA:21,0
DA:22,0
DA:23,1
DA:24,1
LF:24
LH:12
BRF:0
BRH:0
end_of_record
TN:
SF:src/shared/config/i18n/i18nForTests.ts
FNF:0
FNH:0
DA:1,1
DA:2,1
DA:3,1
DA:4,1
DA:5,1
DA:6,1
DA:7,1
DA:8,1
DA:9,1
DA:10,1
DA:11,1
DA:12,1
DA:13,1
DA:14,1
DA:15,1
DA:16,1
DA:17,1
LF:17
LH:17
BRF:0
BRH:0
end_of_record
TN:
SF:src/shared/config/routeConfig/routerConfig.ts
FN:7,getRoute
FNF:1
FNH:1
FNDA:8,getRoute
DA:1,1
DA:2,1
DA:3,1
DA:4,1
DA:5,1
DA:6,1
DA:7,1
LF:7
LH:7
BRDA:1,0,0,1
BRDA:7,1,0,8
BRF:2
BRH:2
end_of_record
TN:
SF:src/shared/lib/classNames/classNames.ts
FN:4,classNames
FNF:1
FNH:1
FNDA:33,classNames
DA:1,1
DA:2,1
DA:3,1
DA:4,1
DA:5,33
DA:6,33
DA:7,33
DA:8,33
DA:9,33
DA:10,33
DA:11,33
DA:12,33
DA:13,33
DA:14,33
DA:15,33
DA:16,33
DA:17,33
LF:17
LH:17
BRDA:4,0,0,33
BRDA:6,1,0,32
BRDA:6,2,0,32
BRDA:6,3,0,1
BRDA:7,4,0,32
BRDA:7,5,0,32
BRDA:7,6,0,1
BRDA:13,7,0,43
BRDA:14,8,0,31
BRF:9
BRH:9
end_of_record
TN:
SF:src/shared/lib/classNames/index.ts
FNF:0
FNH:0
DA:1,1
LF:1
LH:1
BRF:0
BRH:0
end_of_record
TN:
SF:src/shared/lib/tests/renderWithRouter/renderWithRouter.tsx
FN:11,renderWithRouter
FNF:1
FNH:1
FNDA:2,renderWithRouter
DA:1,1
DA:2,1
DA:3,1
DA:4,1
DA:5,1
DA:6,1
DA:7,1
DA:8,1
DA:9,1
DA:10,1
DA:11,1
DA:12,2
DA:13,2
DA:14,2
DA:15,2
DA:16,2
DA:17,2
DA:18,2
DA:19,2
DA:20,2
DA:21,2
DA:22,2
DA:23,2
LF:23
LH:23
BRDA:11,0,0,2
BRDA:11,1,0,0
BRDA:11,2,0,0
BRDA:13,3,0,0
BRF:4
BRH:1
end_of_record
TN:
SF:src/shared/ui/AppLink/AppLink.tsx
FN:18,AppLink
FNF:1
FNH:1
FNDA:6,AppLink
DA:1,1
DA:2,1
DA:3,1
DA:4,1
DA:5,1
DA:6,1
DA:7,1
DA:8,1
DA:9,1
DA:10,1
DA:11,1
DA:12,1
DA:13,1
DA:14,1
DA:15,1
DA:16,1
DA:17,1
DA:18,1
DA:19,6
DA:20,6
DA:21,6
DA:22,6
DA:23,6
DA:24,6
DA:25,6
DA:26,6
DA:27,6
DA:28,6
DA:29,6
DA:30,6
DA:31,6
DA:32,6
DA:33,6
DA:34,6
LF:34
LH:34
BRDA:6,0,0,1
BRDA:18,1,0,6
BRDA:23,2,0,0
BRF:3
BRH:2
end_of_record
TN:
SF:src/shared/ui/Button/index.ts
FNF:0
FNH:0
DA:1,1
LF:1
LH:1
BRF:0
BRH:0
end_of_record
TN:
SF:src/shared/ui/Button/ui/Button.tsx
FN:24,Button
FNF:1
FNH:1
FNDA:11,Button
DA:1,1
DA:2,1
DA:3,1
DA:4,1
DA:5,1
DA:6,1
DA:7,1
DA:8,1
DA:9,1
DA:10,1
DA:11,1
DA:12,1
DA:13,1
DA:14,1
DA:15,1
DA:16,1
DA:17,1
DA:18,1
DA:19,1
DA:20,1
DA:21,1
DA:22,1
DA:23,1
DA:24,1
DA:25,11
DA:26,11
DA:27,11
DA:28,11
DA:29,11
DA:30,11
DA:31,11
DA:32,11
DA:33,11
DA:34,11
DA:35,11
DA:36,11
DA:37,11
DA:38,11
DA:39,11
DA:40,11
DA:41,11
DA:42,11
DA:43,11
DA:44,11
DA:45,11
DA:46,11
DA:47,11
DA:48,11
DA:49,11
LF:49
LH:49
BRDA:5,0,0,2
BRDA:12,1,0,2
BRDA:24,2,0,11
BRDA:28,3,0,1
BRDA:28,4,0,10
BRDA:29,5,0,8
BRDA:29,6,0,3
BRDA:30,7,0,8
BRDA:30,8,0,3
BRF:9
BRH:9
end_of_record
TN:
SF:src/shared/ui/LangSwitcher/index.ts
FNF:0
FNH:0
DA:1,1
LF:1
LH:1
BRF:0
BRH:0
end_of_record
TN:
SF:src/shared/ui/LangSwitcher/ui/LangSwitcher.tsx
FN:2,asyncGeneratorStep
FN:2,_asyncToGenerator
FN:12,LangSwitcher
FN:16,_callee
FNF:4
FNH:2
FNDA:0,asyncGeneratorStep
FNDA:4,_asyncToGenerator
FNDA:4,LangSwitcher
FNDA:0,_callee
DA:1,1
DA:2,0
DA:3,1
DA:4,1
DA:5,1
DA:6,1
DA:7,1
DA:8,1
DA:9,1
DA:10,1
DA:11,1
DA:12,1
DA:13,4
DA:14,4
DA:15,4
DA:16,4
DA:17,0
DA:18,4
DA:19,4
DA:20,4
DA:21,4
DA:22,4
DA:23,4
DA:24,4
DA:25,4
DA:26,4
DA:27,4
DA:28,4
DA:29,4
LF:29
LH:27
BRDA:2,0,0,4
BRDA:12,1,0,4
BRDA:13,2,0,0
BRDA:26,3,0,2
BRDA:26,4,0,2
BRDA:16,5,0,4
BRF:6
BRH:5
end_of_record
TN:
SF:src/shared/ui/ThemeSwitcher/index.ts
FNF:0
FNH:0
DA:1,1
LF:1
LH:1
BRF:0
BRH:0
end_of_record
TN:
SF:src/shared/ui/ThemeSwitcher/ui/ThemeSwitcher.tsx
FN:12,ThemeSwitcher
FNF:1
FNH:1
FNDA:3,ThemeSwitcher
DA:1,1
DA:2,1
DA:3,1
DA:4,1
DA:5,1
DA:6,1
DA:7,1
DA:8,1
DA:9,1
DA:10,1
DA:11,1
DA:12,1
DA:13,3
DA:14,3
DA:15,3
DA:16,3
DA:17,3
DA:18,3
DA:19,3
DA:20,3
DA:21,3
DA:22,3
LF:22
LH:22
BRDA:12,0,0,3
BRDA:20,1,0,0
BRF:2
BRH:1
end_of_record
TN:
SF:src/widgets/Sidebar/ui/Sidebar/Sidebar.tsx
FN:18,Sidebar
FN:22,onToggle
FNF:2
FNH:2
FNDA:4,Sidebar
FNDA:1,onToggle
DA:1,1
DA:2,1
DA:3,1
DA:4,1
DA:5,1
DA:6,1
DA:7,1
DA:8,1
DA:9,1
DA:10,1
DA:11,1
DA:12,1
DA:13,1
DA:14,1
DA:15,1
DA:16,1
DA:17,1
DA:18,1
DA:19,4
DA:20,4
DA:21,4
DA:22,4
DA:23,1
DA:24,4
DA:25,4
DA:26,4
DA:27,4
DA:28,4
DA:29,4
DA:30,4
DA:31,4
DA:32,4
DA:33,4
DA:34,4
DA:35,4
DA:36,4
DA:37,4
DA:38,4
DA:39,4
DA:40,4
DA:41,4
DA:42,4
DA:43,4
DA:44,4
DA:45,4
DA:46,4
DA:47,4
DA:48,4
DA:49,4
DA:50,4
DA:51,4
DA:52,4
DA:53,4
DA:54,4
DA:55,4
DA:56,4
DA:57,4
DA:58,4
DA:59,4
DA:60,4
DA:61,4
DA:62,4
DA:63,4
DA:64,4
DA:65,4
DA:66,4
DA:67,4
DA:68,4
DA:69,4
DA:70,4
DA:71,4
DA:72,4
LF:72
LH:72
BRDA:18,0,0,4
BRDA:39,1,0,2
BRDA:39,2,0,2
BRDA:22,3,0,1
BRDA:23,4,0,1
BRF:5
BRH:5
end_of_record
